<?xml version="1.0" encoding="UTF-8"?>
<!-- Generated by org.testng.reporters.JUnitXMLReporter -->
<testsuite hostname="AishwaryaVivek" name="Test B1" tests="3" failures="1" timestamp="30 Dec 2014 11:36:08 GMT" time="0.007" errors="0">
  <testcase name="testB1_1" time="0.001" classname="testSuiteB.TestB1"/>
  <testcase name="testB1_2" time="0.001" classname="testSuiteB.TestB1"/>
  <testcase name="testB1_3" time="0.0" classname="testSuiteB.TestB1">
    <failure type="java.lang.AssertionError" message="failed test case ">
      <![CDATA[java.lang.AssertionError: failed test case 
	at testSuiteB.TestB1.testB1_3(TestB1.java:22)
... Removed 26 stack frames]]>
    </failure>
  </testcase> <!-- testB1_3 -->
</testsuite> <!-- Test B1 -->
